2025-10-06 14:37:19,179 - INFO - Starting EMS to PowerFactory conversion process...
2025-10-06 14:37:19,180 - INFO - Parsing EMS file: example_input.txt
2025-10-06 14:37:19,182 - INFO - Parsing bus data...
2025-10-06 14:37:19,182 - INFO - Parsing load data...
2025-10-06 14:37:19,183 - INFO - Parsing generator data...
2025-10-06 14:37:19,184 - INFO - Parsing branch data...
2025-10-06 14:37:19,184 - INFO - Parsing transformer data...
2025-10-06 14:37:19,185 - INFO - EMS file parsing completed successfully
2025-10-06 14:37:19,186 - INFO - Generating PowerFactory .raw file: output\example_input_powerfactory.raw
2025-10-06 14:37:19,191 - INFO - PowerFactory .raw file generated: output\example_input_powerfactory.raw
2025-10-06 14:37:19,191 - INFO - Generating metadata JSON file: output\example_input_metadata.json
2025-10-06 14:37:19,194 - INFO - Metadata JSON file generated: output\example_input_metadata.json
2025-10-06 14:37:19,194 - INFO - Generating Excel report: output\example_input_report.xlsx
2025-10-06 14:37:24,616 - INFO - Excel report generated: output\example_input_report.xlsx
2025-10-06 14:37:24,616 - INFO - Conversion process completed successfully!
2025-10-06 15:39:25,011 - INFO - Starting EMS to PowerFactory conversion process...
2025-10-06 15:39:25,011 - INFO - Parsing EMS file: C:\Users\ShibinShanmughamprem\Desktop\PSSE_PF\PYcode\Prase.rawfile\2025-08-14-19-16-35-XDT-pyconv.RAW
2025-10-06 15:39:25,014 - INFO - Parsing bus data...
2025-10-06 15:39:25,025 - INFO - Parsing load data...
2025-10-06 15:39:25,026 - WARNING - Error parsing load line 1554: 79173 '1 ' 1 2 1 12.234 0.834 0.000 0.000 0.000 0.... - could not convert string to float: "'"
2025-10-06 15:39:25,026 - WARNING - Error parsing load line 1555: 70050 '1 ' 1 2 1 27.299 -1.054 0.000 0.000 0.000 0... - could not convert string to float: "'"
2025-10-06 15:39:25,026 - WARNING - Error parsing load line 1556: 71071 '1 ' 1 2 1 6.406 -0.979 0.000 0.000 0.000 0.... - could not convert string to float: "'"
2025-10-06 15:39:25,027 - WARNING - Error parsing load line 1558: 71050 '2 ' 1 2 1 5.226 0.895 0.000 0.000 0.000 0.0... - could not convert string to float: "'"
2025-10-06 15:39:25,027 - WARNING - Error parsing load line 1559: 71050 '3 ' 1 2 1 12.728 0.829 0.000 0.000 0.000 0.... - could not convert string to float: "'"
2025-10-06 15:39:25,027 - WARNING - Error parsing load line 1560: 71550 '1 ' 1 2 1 22.153 -0.156 0.000 0.000 0.000 0... - could not convert string to float: "'"
2025-10-06 15:39:25,027 - WARNING - Error parsing load line 1562: 70582 '1 ' 0 2 1 -0.000 0.000 0.000 0.000 0.000 0.... - could not convert string to float: "'"
2025-10-06 15:39:25,027 - WARNING - Error parsing load line 1563: 70581 '2 ' 0 2 1 -0.000 0.000 0.000 0.000 0.000 0.... - could not convert string to float: "'"
2025-10-06 15:39:25,027 - WARNING - Error parsing load line 1564: 70580 '3 ' 0 2 1 -0.000 0.000 0.000 0.000 0.000 0.... - could not convert string to float: "'"
2025-10-06 15:39:25,027 - WARNING - Error parsing load line 1566: 72550 '1 ' 1 2 1 35.079 -0.965 0.000 0.000 0.000 0... - could not convert string to float: "'"
2025-10-06 15:39:25,028 - WARNING - Error parsing load line 1567: 74750 '1 ' 0 2 1 -0.000 0.000 0.000 0.000 0.000 0.... - could not convert string to float: "'"
2025-10-06 15:39:25,028 - WARNING - Error parsing load line 1568: 74750 '2 ' 0 2 1 -0.000 0.000 0.000 0.000 0.000 0.... - could not convert string to float: "'"
2025-10-06 15:39:25,028 - WARNING - Error parsing load line 1569: 74750 '3 ' 0 2 1 -0.000 0.000 0.000 0.000 0.000 0.... - could not convert string to float: "'"
2025-10-06 15:39:25,028 - WARNING - Error parsing load line 1570: 74750 '4 ' 0 2 1 -0.000 0.000 0.000 0.000 0.000 0.... - could not convert string to float: "'"
2025-10-06 15:39:25,028 - WARNING - Error parsing load line 1571: 74750 '5 ' 1 2 1 4.993 -0.733 0.000 0.000 0.000 0.... - could not convert string to float: "'"
2025-10-06 15:39:25,029 - WARNING - Error parsing load line 1572: 74750 '6 ' 1 2 1 4.993 -0.733 0.000 0.000 0.000 0.... - could not convert string to float: "'"
2025-10-06 15:39:25,029 - WARNING - Error parsing load line 1573: 74750 '7 ' 1 2 1 5.170 -0.839 0.000 0.000 0.000 0.... - could not convert string to float: "'"
2025-10-06 15:39:25,029 - WARNING - Error parsing load line 1574: 74750 '8 ' 1 2 1 5.170 -0.839 0.000 0.000 0.000 0.... - could not convert string to float: "'"
2025-10-06 15:39:25,029 - WARNING - Error parsing load line 1575: 74750 '9 ' 1 2 1 2.083 0.193 0.000 0.000 0.000 0.0... - could not convert string to float: "'"
2025-10-06 15:39:25,029 - WARNING - Error parsing load line 1579: 73574 '3 ' 1 2 1 10.400 1.243 0.000 0.000 0.000 0.... - could not convert string to float: "'"
2025-10-06 15:39:25,029 - WARNING - Error parsing load line 1580: 73574 '4 ' 1 2 1 10.400 1.243 0.000 0.000 0.000 0.... - could not convert string to float: "'"
2025-10-06 15:39:25,029 - WARNING - Error parsing load line 1581: 75075 '1 ' 1 2 1 20.569 -2.266 0.000 0.000 0.000 0... - could not convert string to float: "'"
2025-10-06 15:39:25,030 - WARNING - Error parsing load line 1582: 75850 '1 ' 1 2 1 27.979 2.746 0.000 0.000 0.000 0.... - could not convert string to float: "'"
2025-10-06 15:39:25,030 - WARNING - Error parsing load line 1583: 76050 '1 ' 1 2 1 7.660 0.690 0.000 0.000 0.000 0.0... - could not convert string to float: "'"
2025-10-06 15:39:25,030 - WARNING - Error parsing load line 1584: 76050 '2 ' 1 2 1 25.148 -6.045 0.000 0.000 0.000 0... - could not convert string to float: "'"
2025-10-06 15:39:25,030 - WARNING - Error parsing load line 1585: 74079 '1 ' 1 2 1 18.323 -5.058 0.000 0.000 0.000 0... - could not convert string to float: "'"
2025-10-06 15:39:25,030 - WARNING - Error parsing load line 1586: 76550 '1 ' 1 2 1 11.665 -5.977 0.000 0.000 0.000 0... - could not convert string to float: "'"
2025-10-06 15:39:25,030 - WARNING - Error parsing load line 1587: 76550 '2 ' 0 2 1 -0.000 0.000 0.000 0.000 0.000 0.... - could not convert string to float: "'"
2025-10-06 15:39:25,030 - WARNING - Error parsing load line 1588: 76550 '3 ' 1 2 1 5.219 -0.198 0.000 0.000 0.000 0.... - could not convert string to float: "'"
2025-10-06 15:39:25,031 - WARNING - Error parsing load line 1589: 76550 '4 ' 1 2 1 4.887 -0.086 0.000 0.000 0.000 0.... - could not convert string to float: "'"
2025-10-06 15:39:25,031 - WARNING - Error parsing load line 1590: 76550 '5 ' 1 2 1 4.260 0.086 0.000 0.000 0.000 0.0... - could not convert string to float: "'"
2025-10-06 15:39:25,031 - WARNING - Error parsing load line 1591: 76550 '6 ' 1 2 1 0.694 0.150 0.000 0.000 0.000 0.0... - could not convert string to float: "'"
2025-10-06 15:39:25,031 - WARNING - Error parsing load line 1592: 76550 '7 ' 1 2 1 6.243 -0.642 0.000 0.000 0.000 0.... - could not convert string to float: "'"
2025-10-06 15:39:25,031 - WARNING - Error parsing load line 1593: 76550 '8 ' 1 2 1 4.742 -0.041 0.000 0.000 0.000 0.... - could not convert string to float: "'"
2025-10-06 15:39:25,031 - WARNING - Error parsing load line 1594: 76550 '9 ' 1 2 1 4.016 0.138 0.000 0.000 0.000 0.0... - could not convert string to float: "'"
2025-10-06 15:39:25,031 - WARNING - Error parsing load line 1596: 77050 '1 ' 1 2 1 23.936 0.296 0.000 0.000 0.000 0.... - could not convert string to float: "'"
2025-10-06 15:39:25,031 - WARNING - Error parsing load line 1597: 77050 '2 ' 1 2 1 23.968 0.290 0.000 0.000 0.000 0.... - could not convert string to float: "'"
2025-10-06 15:39:25,032 - WARNING - Error parsing load line 1598: 77571 '1 ' 1 2 1 53.759 11.927 0.000 0.000 0.000 0... - could not convert string to float: "'"
2025-10-06 15:39:25,032 - WARNING - Error parsing load line 1599: 78050 '1 ' 0 2 1 -0.000 0.000 0.000 0.000 0.000 0.... - could not convert string to float: "'"
2025-10-06 15:39:25,032 - WARNING - Error parsing load line 1600: 78579 '1 ' 1 2 1 18.126 2.848 0.000 0.000 0.000 0.... - could not convert string to float: "'"
2025-10-06 15:39:25,032 - WARNING - Error parsing load line 1602: 79071 '1 ' 1 2 1 33.860 3.793 0.000 0.000 0.000 0.... - could not convert string to float: "'"
2025-10-06 15:39:25,032 - WARNING - Error parsing load line 1604: 80050 '1 ' 1 2 1 21.168 -2.585 0.000 0.000 0.000 0... - could not convert string to float: "'"
2025-10-06 15:39:25,033 - WARNING - Error parsing load line 1605: 80550 '1 ' 1 2 1 7.909 1.458 0.000 0.000 0.000 0.0... - could not convert string to float: "'"
2025-10-06 15:39:25,033 - WARNING - Error parsing load line 1606: 82571 '1 ' 1 2 1 3.289 0.598 0.000 0.000 0.000 0.0... - could not convert string to float: "'"
2025-10-06 15:39:25,033 - WARNING - Error parsing load line 1607: 82571 '2 ' 1 2 1 21.760 -4.697 0.000 0.000 0.000 0... - could not convert string to float: "'"
2025-10-06 15:39:25,033 - WARNING - Error parsing load line 1608: 83071 '1 ' 1 2 1 21.939 3.646 0.000 0.000 0.000 0.... - could not convert string to float: "'"
2025-10-06 15:39:25,033 - WARNING - Error parsing load line 1609: 84579 '1 ' 1 2 1 22.638 1.334 0.000 0.000 0.000 0.... - could not convert string to float: "'"
2025-10-06 15:39:25,033 - WARNING - Error parsing load line 1610: 83571 '1 ' 1 2 1 11.570 -2.778 0.000 0.000 0.000 0... - could not convert string to float: "'"
2025-10-06 15:39:25,033 - WARNING - Error parsing load line 1611: 84471 '1 ' 1 2 1 21.461 -3.107 0.000 0.000 0.000 0... - could not convert string to float: "'"
2025-10-06 15:39:25,034 - WARNING - Error parsing load line 1612: 84050 '1 ' 1 2 1 29.805 -1.157 0.000 0.000 0.000 0... - could not convert string to float: "'"
2025-10-06 15:39:25,034 - WARNING - Error parsing load line 1614: 86050 '1 ' 0 2 1 -0.000 0.000 0.000 0.000 0.000 0.... - could not convert string to float: "'"
2025-10-06 15:39:25,034 - WARNING - Error parsing load line 1615: 86050 '2 ' 0 2 1 -0.000 0.000 0.000 0.000 0.000 0.... - could not convert string to float: "'"
2025-10-06 15:39:25,034 - WARNING - Error parsing load line 1616: 86050 '3 ' 0 2 1 -0.000 0.000 0.000 0.000 0.000 0.... - could not convert string to float: "'"
2025-10-06 15:39:25,034 - WARNING - Error parsing load line 1617: 86050 '4 ' 0 2 1 -0.000 0.000 0.000 0.000 0.000 0.... - could not convert string to float: "'"
2025-10-06 15:39:25,034 - WARNING - Error parsing load line 1618: 87071 '1 ' 1 2 1 46.361 0.466 0.000 0.000 0.000 0.... - could not convert string to float: "'"
2025-10-06 15:39:25,034 - WARNING - Error parsing load line 1619: 86150 '1 ' 1 2 1 22.186 -6.566 0.000 0.000 0.000 0... - could not convert string to float: "'"
2025-10-06 15:39:25,035 - WARNING - Error parsing load line 1620: 87571 '1 ' 1 2 1 32.832 0.068 0.000 0.000 0.000 0.... - could not convert string to float: "'"
2025-10-06 15:39:25,035 - WARNING - Error parsing load line 1621: 88050 '1 ' 1 2 1 15.611 -3.830 0.000 0.000 0.000 0... - could not convert string to float: "'"
2025-10-06 15:39:25,035 - WARNING - Error parsing load line 1622: 88050 '2 ' 1 2 1 13.471 -2.364 0.000 0.000 0.000 0... - could not convert string to float: "'"
2025-10-06 15:39:25,035 - WARNING - Error parsing load line 1623: 88579 '1 ' 1 2 1 14.688 -2.297 0.000 0.000 0.000 0... - could not convert string to float: "'"
2025-10-06 15:39:25,035 - WARNING - Error parsing load line 1624: 88579 '2 ' 1 2 1 11.391 0.791 0.000 0.000 0.000 0.... - could not convert string to float: "'"
2025-10-06 15:39:25,035 - WARNING - Error parsing load line 1625: 89050 '1 ' 0 2 1 -0.000 0.000 0.000 0.000 0.000 0.... - could not convert string to float: "'"
2025-10-06 15:39:25,035 - WARNING - Error parsing load line 1626: 76150 '1 ' 1 2 1 16.987 0.893 0.000 0.000 0.000 0.... - could not convert string to float: "'"
2025-10-06 15:39:25,035 - WARNING - Error parsing load line 1627: 89571 '1 ' 1 2 1 5.899 1.148 0.000 0.000 0.000 0.0... - could not convert string to float: "'"
2025-10-06 15:39:25,036 - WARNING - Error parsing load line 1628: 89571 '2 ' 1 2 1 13.741 1.808 0.000 0.000 0.000 0.... - could not convert string to float: "'"
2025-10-06 15:39:25,036 - WARNING - Error parsing load line 1633: 92080 '1 ' 1 2 1 44.268 10.951 0.000 0.000 0.000 0... - could not convert string to float: "'"
2025-10-06 15:39:25,037 - WARNING - Error parsing load line 2124: 86430 'D ' 1 4 3 1000.000 250.624 0.000 0.000 0.00... - could not convert string to float: "'"
2025-10-06 15:39:25,037 - WARNING - Error parsing load line 2127: 70574 ' 1' 1 2 1 5.210 1.396 0.000 0.000 0.000 0.0... - could not convert string to float: "1'"
2025-10-06 15:39:25,037 - WARNING - Error parsing load line 2128: 70573 ' 1' 1 2 1 5.183 1.433 0.000 0.000 0.000 0.0... - could not convert string to float: "1'"
2025-10-06 15:39:25,038 - WARNING - Error parsing load line 2129: 73571 ' 1' 1 2 1 1.130 1.530 0.000 0.000 0.000 0.0... - could not convert string to float: "1'"
2025-10-06 15:39:25,038 - WARNING - Error parsing load line 2130: 73572 ' 1' 1 2 1 0.000 0.000 0.000 0.000 0.000 0.0... - could not convert string to float: "1'"
2025-10-06 15:39:25,038 - WARNING - Error parsing load line 2131: 82071 ' 1' 1 2 1 0.000 0.000 0.000 0.000 0.000 0.0... - could not convert string to float: "1'"
2025-10-06 15:39:25,038 - WARNING - Error parsing load line 2132: 82072 ' 1' 1 2 1 0.000 0.000 0.000 0.000 0.000 0.0... - could not convert string to float: "1'"
2025-10-06 15:39:25,038 - WARNING - Error parsing load line 2133: 84279 ' 1' 1 2 1 1.826 2.255 0.000 0.000 0.000 0.0... - could not convert string to float: "1'"
2025-10-06 15:39:25,038 - WARNING - Error parsing load line 2134: 10472 ' 1' 1 1 2 0.000 0.000 0.000 0.000 0.000 0.0... - could not convert string to float: "1'"
2025-10-06 15:39:25,039 - WARNING - Error parsing load line 2135: 10473 ' 1' 1 1 2 0.000 0.000 0.000 0.000 0.000 0.0... - could not convert string to float: "1'"
2025-10-06 15:39:25,039 - WARNING - Error parsing load line 2136: 10474 ' 1' 1 1 2 0.000 0.000 0.000 0.000 0.000 0.0... - could not convert string to float: "1'"
2025-10-06 15:39:25,039 - WARNING - Error parsing load line 2137: 10471 ' 1' 0 1 2 0.000 0.000 0.000 0.000 0.000 0.0... - could not convert string to float: "1'"
2025-10-06 15:39:25,039 - WARNING - Error parsing load line 2138: 10475 ' 1' 1 1 2 6.917 4.265 0.000 0.000 0.000 0.0... - could not convert string to float: "1'"
2025-10-06 15:39:25,039 - WARNING - Error parsing load line 2139: 29971 ' 1' 1 1 2 0.000 0.000 0.000 0.000 0.000 0.0... - could not convert string to float: "1'"
2025-10-06 15:39:25,039 - WARNING - Error parsing load line 2140: 12974 ' 1' 0 1 2 0.000 0.000 0.000 0.000 0.000 0.0... - could not convert string to float: "1'"
2025-10-06 15:39:25,040 - WARNING - Error parsing load line 2141: 19471 ' 1' 1 1 2 10.684 3.318 0.000 0.000 0.000 0.... - could not convert string to float: "1'"
2025-10-06 15:39:25,040 - WARNING - Error parsing load line 2142: 19473 ' 1' 0 1 2 0.000 0.000 0.000 0.000 0.000 0.0... - could not convert string to float: "1'"
2025-10-06 15:39:25,040 - WARNING - Error parsing load line 2143: 19475 ' 1' 0 1 2 0.000 0.000 0.000 0.000 0.000 0.0... - could not convert string to float: "1'"
2025-10-06 15:39:25,040 - WARNING - Error parsing load line 2144: 28571 ' 1' 1 1 2 8.025 3.203 0.000 0.000 0.000 0.0... - could not convert string to float: "1'"
2025-10-06 15:39:25,040 - WARNING - Error parsing load line 2145: 27471 ' 1' 0 1 2 0.000 0.000 0.000 0.000 0.000 0.0... - could not convert string to float: "1'"
2025-10-06 15:39:25,040 - WARNING - Error parsing load line 2146: 27472 ' 1' 0 1 2 0.000 0.000 0.000 0.000 0.000 0.0... - could not convert string to float: "1'"
2025-10-06 15:39:25,040 - WARNING - Error parsing load line 2147: 27473 ' 1' 0 1 2 0.000 0.000 0.000 0.000 0.000 0.0... - could not convert string to float: "1'"
2025-10-06 15:39:25,041 - WARNING - Error parsing load line 2148: 27474 ' 1' 1 1 2 0.000 0.000 0.000 0.000 0.000 0.0... - could not convert string to float: "1'"
2025-10-06 15:39:25,041 - WARNING - Error parsing load line 2149: 27474 ' 2' 1 1 2 1.065 0.398 0.000 0.000 0.000 0.0... - could not convert string to float: "2'"
2025-10-06 15:39:25,041 - WARNING - Error parsing load line 2150: 29671 ' 1' 1 1 2 2.274 1.383 0.000 0.000 0.000 0.0... - could not convert string to float: "1'"
2025-10-06 15:39:25,041 - WARNING - Error parsing load line 2151: 29672 ' 1' 1 1 2 4.473 1.834 0.000 0.000 0.000 0.0... - could not convert string to float: "1'"
2025-10-06 15:39:25,041 - WARNING - Error parsing load line 2152: 29673 ' 1' 1 1 2 4.184 7.500 0.000 0.000 0.000 0.0... - could not convert string to float: "1'"
2025-10-06 15:39:25,041 - WARNING - Error parsing load line 2153: 31271 ' 1' 1 1 2 5.752 2.470 0.000 0.000 0.000 0.0... - could not convert string to float: "1'"
2025-10-06 15:39:25,041 - WARNING - Error parsing load line 2154: 35074 ' 1' 0 1 2 0.000 0.000 0.000 0.000 0.000 0.0... - could not convert string to float: "1'"
2025-10-06 15:39:25,041 - WARNING - Error parsing load line 2155: 27971 ' 3' 0 1 2 0.000 0.000 0.000 0.000 0.000 0.0... - could not convert string to float: "3'"
2025-10-06 15:39:25,041 - WARNING - Error parsing load line 2156: 27972 ' 5' 1 1 2 0.000 0.000 0.000 0.000 0.000 0.0... - could not convert string to float: "5'"
2025-10-06 15:39:25,042 - WARNING - Error parsing load line 2157: 27973 ' 3' 1 1 2 0.000 0.000 0.000 0.000 0.000 0.0... - could not convert string to float: "3'"
2025-10-06 15:39:25,042 - WARNING - Error parsing load line 2158: 42475 ' 1' 1 1 2 0.000 0.000 0.000 0.000 0.000 0.0... - could not convert string to float: "1'"
2025-10-06 15:39:25,042 - WARNING - Error parsing load line 2159: 44686 ' 1' 1 1 2 3.600 1.059 0.000 0.000 0.000 0.0... - could not convert string to float: "1'"
2025-10-06 15:39:25,042 - WARNING - Error parsing load line 2160: 44679 ' 1' 1 1 2 4.075 1.122 0.000 0.000 0.000 0.0... - could not convert string to float: "1'"
2025-10-06 15:39:25,042 - WARNING - Error parsing load line 2161: 50573 ' 1' 1 1 2 1.260 0.296 0.000 0.000 0.000 0.0... - could not convert string to float: "1'"
2025-10-06 15:39:25,042 - WARNING - Error parsing load line 2162: 50574 ' 1' 1 1 2 1.066 0.296 0.000 0.000 0.000 0.0... - could not convert string to float: "1'"
2025-10-06 15:39:25,042 - WARNING - Error parsing load line 2163: 51471 ' 1' 0 1 2 0.000 0.000 0.000 0.000 0.000 0.0... - could not convert string to float: "1'"
2025-10-06 15:39:25,042 - WARNING - Error parsing load line 2164: 51472 ' 1' 1 1 2 0.000 0.000 0.000 0.000 0.000 0.0... - could not convert string to float: "1'"
2025-10-06 15:39:25,043 - WARNING - Error parsing load line 2165: 51473 ' 1' 0 1 2 0.000 0.000 0.000 0.000 0.000 0.0... - could not convert string to float: "1'"
2025-10-06 15:39:25,043 - WARNING - Error parsing load line 2166: 51474 ' 1' 0 1 2 0.000 0.000 0.000 0.000 0.000 0.0... - could not convert string to float: "1'"
2025-10-06 15:39:25,043 - WARNING - Error parsing load line 2167: 51771 ' 1' 1 1 2 8.503 7.500 0.000 0.000 0.000 0.0... - could not convert string to float: "1'"
2025-10-06 15:39:25,043 - WARNING - Error parsing load line 2168: 51772 ' 1' 1 1 2 4.199 0.000 0.000 0.000 0.000 0.0... - could not convert string to float: "1'"
2025-10-06 15:39:25,043 - INFO - Parsing generator data...
2025-10-06 15:39:25,047 - INFO - Parsing branch data...
2025-10-06 15:39:25,049 - INFO - Parsing transformer data...
2025-10-06 15:39:25,055 - INFO - EMS file parsing completed successfully
2025-10-06 15:39:25,055 - INFO - Generating PowerFactory .raw file: C:\Users\ShibinShanmughamprem\Desktop\PSSE_PF\PYcode\Prase.rawfile\output\2025-08-14-19-16-35-XDT-pyconv_powerfactory.raw
2025-10-06 15:39:25,061 - INFO - PowerFactory .raw file generated: C:\Users\ShibinShanmughamprem\Desktop\PSSE_PF\PYcode\Prase.rawfile\output\2025-08-14-19-16-35-XDT-pyconv_powerfactory.raw
2025-10-06 15:39:25,061 - INFO - Generating metadata JSON file: C:\Users\ShibinShanmughamprem\Desktop\PSSE_PF\PYcode\Prase.rawfile\output\2025-08-14-19-16-35-XDT-pyconv_metadata.json
2025-10-06 15:39:25,097 - INFO - Metadata JSON file generated: C:\Users\ShibinShanmughamprem\Desktop\PSSE_PF\PYcode\Prase.rawfile\output\2025-08-14-19-16-35-XDT-pyconv_metadata.json
2025-10-06 15:39:25,097 - INFO - Generating Excel report: C:\Users\ShibinShanmughamprem\Desktop\PSSE_PF\PYcode\Prase.rawfile\output\2025-08-14-19-16-35-XDT-pyconv_report.xlsx
2025-10-06 15:39:29,824 - INFO - Excel report generated: C:\Users\ShibinShanmughamprem\Desktop\PSSE_PF\PYcode\Prase.rawfile\output\2025-08-14-19-16-35-XDT-pyconv_report.xlsx
2025-10-06 15:39:29,824 - INFO - Conversion process completed successfully!
2025-10-06 15:46:07,292 - INFO - Starting EMS to PowerFactory conversion process...
2025-10-06 15:46:07,292 - INFO - Parsing EMS file: C:\Users\ShibinShanmughamprem\Desktop\PSSE_PF\PYcode\Prase.rawfile\2025-08-14-19-16-35-XDT-pyconv.RAW
2025-10-06 15:46:07,294 - INFO - Parsing bus data...
2025-10-06 15:46:07,309 - INFO - Parsing load data...
2025-10-06 15:46:07,309 - WARNING - Error parsing load line 1554: 79173 '1 ' 1 2 1 12.234 0.834 0.000 0.000 0.000 0.... - could not convert string to float: "'"
2025-10-06 15:46:07,309 - WARNING - Error parsing load line 1555: 70050 '1 ' 1 2 1 27.299 -1.054 0.000 0.000 0.000 0... - could not convert string to float: "'"
2025-10-06 15:46:07,310 - WARNING - Error parsing load line 1556: 71071 '1 ' 1 2 1 6.406 -0.979 0.000 0.000 0.000 0.... - could not convert string to float: "'"
2025-10-06 15:46:07,310 - WARNING - Error parsing load line 1558: 71050 '2 ' 1 2 1 5.226 0.895 0.000 0.000 0.000 0.0... - could not convert string to float: "'"
2025-10-06 15:46:07,310 - WARNING - Error parsing load line 1559: 71050 '3 ' 1 2 1 12.728 0.829 0.000 0.000 0.000 0.... - could not convert string to float: "'"
2025-10-06 15:46:07,310 - WARNING - Error parsing load line 1560: 71550 '1 ' 1 2 1 22.153 -0.156 0.000 0.000 0.000 0... - could not convert string to float: "'"
2025-10-06 15:46:07,310 - WARNING - Error parsing load line 1562: 70582 '1 ' 0 2 1 -0.000 0.000 0.000 0.000 0.000 0.... - could not convert string to float: "'"
2025-10-06 15:46:07,310 - WARNING - Error parsing load line 1563: 70581 '2 ' 0 2 1 -0.000 0.000 0.000 0.000 0.000 0.... - could not convert string to float: "'"
2025-10-06 15:46:07,310 - WARNING - Error parsing load line 1564: 70580 '3 ' 0 2 1 -0.000 0.000 0.000 0.000 0.000 0.... - could not convert string to float: "'"
2025-10-06 15:46:07,310 - WARNING - Error parsing load line 1566: 72550 '1 ' 1 2 1 35.079 -0.965 0.000 0.000 0.000 0... - could not convert string to float: "'"
2025-10-06 15:46:07,311 - WARNING - Error parsing load line 1567: 74750 '1 ' 0 2 1 -0.000 0.000 0.000 0.000 0.000 0.... - could not convert string to float: "'"
2025-10-06 15:46:07,311 - WARNING - Error parsing load line 1568: 74750 '2 ' 0 2 1 -0.000 0.000 0.000 0.000 0.000 0.... - could not convert string to float: "'"
2025-10-06 15:46:07,311 - WARNING - Error parsing load line 1569: 74750 '3 ' 0 2 1 -0.000 0.000 0.000 0.000 0.000 0.... - could not convert string to float: "'"
2025-10-06 15:46:07,311 - WARNING - Error parsing load line 1570: 74750 '4 ' 0 2 1 -0.000 0.000 0.000 0.000 0.000 0.... - could not convert string to float: "'"
2025-10-06 15:46:07,311 - WARNING - Error parsing load line 1571: 74750 '5 ' 1 2 1 4.993 -0.733 0.000 0.000 0.000 0.... - could not convert string to float: "'"
2025-10-06 15:46:07,311 - WARNING - Error parsing load line 1572: 74750 '6 ' 1 2 1 4.993 -0.733 0.000 0.000 0.000 0.... - could not convert string to float: "'"
2025-10-06 15:46:07,312 - WARNING - Error parsing load line 1573: 74750 '7 ' 1 2 1 5.170 -0.839 0.000 0.000 0.000 0.... - could not convert string to float: "'"
2025-10-06 15:46:07,312 - WARNING - Error parsing load line 1574: 74750 '8 ' 1 2 1 5.170 -0.839 0.000 0.000 0.000 0.... - could not convert string to float: "'"
2025-10-06 15:46:07,312 - WARNING - Error parsing load line 1575: 74750 '9 ' 1 2 1 2.083 0.193 0.000 0.000 0.000 0.0... - could not convert string to float: "'"
2025-10-06 15:46:07,312 - WARNING - Error parsing load line 1579: 73574 '3 ' 1 2 1 10.400 1.243 0.000 0.000 0.000 0.... - could not convert string to float: "'"
2025-10-06 15:46:07,312 - WARNING - Error parsing load line 1580: 73574 '4 ' 1 2 1 10.400 1.243 0.000 0.000 0.000 0.... - could not convert string to float: "'"
2025-10-06 15:46:07,312 - WARNING - Error parsing load line 1581: 75075 '1 ' 1 2 1 20.569 -2.266 0.000 0.000 0.000 0... - could not convert string to float: "'"
2025-10-06 15:46:07,312 - WARNING - Error parsing load line 1582: 75850 '1 ' 1 2 1 27.979 2.746 0.000 0.000 0.000 0.... - could not convert string to float: "'"
2025-10-06 15:46:07,313 - WARNING - Error parsing load line 1583: 76050 '1 ' 1 2 1 7.660 0.690 0.000 0.000 0.000 0.0... - could not convert string to float: "'"
2025-10-06 15:46:07,313 - WARNING - Error parsing load line 1584: 76050 '2 ' 1 2 1 25.148 -6.045 0.000 0.000 0.000 0... - could not convert string to float: "'"
2025-10-06 15:46:07,313 - WARNING - Error parsing load line 1585: 74079 '1 ' 1 2 1 18.323 -5.058 0.000 0.000 0.000 0... - could not convert string to float: "'"
2025-10-06 15:46:07,313 - WARNING - Error parsing load line 1586: 76550 '1 ' 1 2 1 11.665 -5.977 0.000 0.000 0.000 0... - could not convert string to float: "'"
2025-10-06 15:46:07,313 - WARNING - Error parsing load line 1587: 76550 '2 ' 0 2 1 -0.000 0.000 0.000 0.000 0.000 0.... - could not convert string to float: "'"
2025-10-06 15:46:07,313 - WARNING - Error parsing load line 1588: 76550 '3 ' 1 2 1 5.219 -0.198 0.000 0.000 0.000 0.... - could not convert string to float: "'"
2025-10-06 15:46:07,313 - WARNING - Error parsing load line 1589: 76550 '4 ' 1 2 1 4.887 -0.086 0.000 0.000 0.000 0.... - could not convert string to float: "'"
2025-10-06 15:46:07,313 - WARNING - Error parsing load line 1590: 76550 '5 ' 1 2 1 4.260 0.086 0.000 0.000 0.000 0.0... - could not convert string to float: "'"
2025-10-06 15:46:07,313 - WARNING - Error parsing load line 1591: 76550 '6 ' 1 2 1 0.694 0.150 0.000 0.000 0.000 0.0... - could not convert string to float: "'"
2025-10-06 15:46:07,314 - WARNING - Error parsing load line 1592: 76550 '7 ' 1 2 1 6.243 -0.642 0.000 0.000 0.000 0.... - could not convert string to float: "'"
2025-10-06 15:46:07,314 - WARNING - Error parsing load line 1593: 76550 '8 ' 1 2 1 4.742 -0.041 0.000 0.000 0.000 0.... - could not convert string to float: "'"
2025-10-06 15:46:07,314 - WARNING - Error parsing load line 1594: 76550 '9 ' 1 2 1 4.016 0.138 0.000 0.000 0.000 0.0... - could not convert string to float: "'"
2025-10-06 15:46:07,314 - WARNING - Error parsing load line 1596: 77050 '1 ' 1 2 1 23.936 0.296 0.000 0.000 0.000 0.... - could not convert string to float: "'"
2025-10-06 15:46:07,314 - WARNING - Error parsing load line 1597: 77050 '2 ' 1 2 1 23.968 0.290 0.000 0.000 0.000 0.... - could not convert string to float: "'"
2025-10-06 15:46:07,314 - WARNING - Error parsing load line 1598: 77571 '1 ' 1 2 1 53.759 11.927 0.000 0.000 0.000 0... - could not convert string to float: "'"
2025-10-06 15:46:07,314 - WARNING - Error parsing load line 1599: 78050 '1 ' 0 2 1 -0.000 0.000 0.000 0.000 0.000 0.... - could not convert string to float: "'"
2025-10-06 15:46:07,314 - WARNING - Error parsing load line 1600: 78579 '1 ' 1 2 1 18.126 2.848 0.000 0.000 0.000 0.... - could not convert string to float: "'"
2025-10-06 15:46:07,315 - WARNING - Error parsing load line 1602: 79071 '1 ' 1 2 1 33.860 3.793 0.000 0.000 0.000 0.... - could not convert string to float: "'"
2025-10-06 15:46:07,315 - WARNING - Error parsing load line 1604: 80050 '1 ' 1 2 1 21.168 -2.585 0.000 0.000 0.000 0... - could not convert string to float: "'"
2025-10-06 15:46:07,315 - WARNING - Error parsing load line 1605: 80550 '1 ' 1 2 1 7.909 1.458 0.000 0.000 0.000 0.0... - could not convert string to float: "'"
2025-10-06 15:46:07,315 - WARNING - Error parsing load line 1606: 82571 '1 ' 1 2 1 3.289 0.598 0.000 0.000 0.000 0.0... - could not convert string to float: "'"
2025-10-06 15:46:07,316 - WARNING - Error parsing load line 1607: 82571 '2 ' 1 2 1 21.760 -4.697 0.000 0.000 0.000 0... - could not convert string to float: "'"
2025-10-06 15:46:07,316 - WARNING - Error parsing load line 1608: 83071 '1 ' 1 2 1 21.939 3.646 0.000 0.000 0.000 0.... - could not convert string to float: "'"
2025-10-06 15:46:07,316 - WARNING - Error parsing load line 1609: 84579 '1 ' 1 2 1 22.638 1.334 0.000 0.000 0.000 0.... - could not convert string to float: "'"
2025-10-06 15:46:07,316 - WARNING - Error parsing load line 1610: 83571 '1 ' 1 2 1 11.570 -2.778 0.000 0.000 0.000 0... - could not convert string to float: "'"
2025-10-06 15:46:07,317 - WARNING - Error parsing load line 1611: 84471 '1 ' 1 2 1 21.461 -3.107 0.000 0.000 0.000 0... - could not convert string to float: "'"
2025-10-06 15:46:07,318 - WARNING - Error parsing load line 1612: 84050 '1 ' 1 2 1 29.805 -1.157 0.000 0.000 0.000 0... - could not convert string to float: "'"
2025-10-06 15:46:07,318 - WARNING - Error parsing load line 1614: 86050 '1 ' 0 2 1 -0.000 0.000 0.000 0.000 0.000 0.... - could not convert string to float: "'"
2025-10-06 15:46:07,318 - WARNING - Error parsing load line 1615: 86050 '2 ' 0 2 1 -0.000 0.000 0.000 0.000 0.000 0.... - could not convert string to float: "'"
2025-10-06 15:46:07,318 - WARNING - Error parsing load line 1616: 86050 '3 ' 0 2 1 -0.000 0.000 0.000 0.000 0.000 0.... - could not convert string to float: "'"
2025-10-06 15:46:07,319 - WARNING - Error parsing load line 1617: 86050 '4 ' 0 2 1 -0.000 0.000 0.000 0.000 0.000 0.... - could not convert string to float: "'"
2025-10-06 15:46:07,319 - WARNING - Error parsing load line 1618: 87071 '1 ' 1 2 1 46.361 0.466 0.000 0.000 0.000 0.... - could not convert string to float: "'"
2025-10-06 15:46:07,319 - WARNING - Error parsing load line 1619: 86150 '1 ' 1 2 1 22.186 -6.566 0.000 0.000 0.000 0... - could not convert string to float: "'"
2025-10-06 15:46:07,319 - WARNING - Error parsing load line 1620: 87571 '1 ' 1 2 1 32.832 0.068 0.000 0.000 0.000 0.... - could not convert string to float: "'"
2025-10-06 15:46:07,319 - WARNING - Error parsing load line 1621: 88050 '1 ' 1 2 1 15.611 -3.830 0.000 0.000 0.000 0... - could not convert string to float: "'"
2025-10-06 15:46:07,320 - WARNING - Error parsing load line 1622: 88050 '2 ' 1 2 1 13.471 -2.364 0.000 0.000 0.000 0... - could not convert string to float: "'"
2025-10-06 15:46:07,320 - WARNING - Error parsing load line 1623: 88579 '1 ' 1 2 1 14.688 -2.297 0.000 0.000 0.000 0... - could not convert string to float: "'"
2025-10-06 15:46:07,320 - WARNING - Error parsing load line 1624: 88579 '2 ' 1 2 1 11.391 0.791 0.000 0.000 0.000 0.... - could not convert string to float: "'"
2025-10-06 15:46:07,320 - WARNING - Error parsing load line 1625: 89050 '1 ' 0 2 1 -0.000 0.000 0.000 0.000 0.000 0.... - could not convert string to float: "'"
2025-10-06 15:46:07,320 - WARNING - Error parsing load line 1626: 76150 '1 ' 1 2 1 16.987 0.893 0.000 0.000 0.000 0.... - could not convert string to float: "'"
2025-10-06 15:46:07,320 - WARNING - Error parsing load line 1627: 89571 '1 ' 1 2 1 5.899 1.148 0.000 0.000 0.000 0.0... - could not convert string to float: "'"
2025-10-06 15:46:07,321 - WARNING - Error parsing load line 1628: 89571 '2 ' 1 2 1 13.741 1.808 0.000 0.000 0.000 0.... - could not convert string to float: "'"
2025-10-06 15:46:07,321 - WARNING - Error parsing load line 1633: 92080 '1 ' 1 2 1 44.268 10.951 0.000 0.000 0.000 0... - could not convert string to float: "'"
2025-10-06 15:46:07,322 - WARNING - Error parsing load line 2124: 86430 'D ' 1 4 3 1000.000 250.624 0.000 0.000 0.00... - could not convert string to float: "'"
2025-10-06 15:46:07,322 - WARNING - Error parsing load line 2127: 70574 ' 1' 1 2 1 5.210 1.396 0.000 0.000 0.000 0.0... - could not convert string to float: "1'"
2025-10-06 15:46:07,322 - WARNING - Error parsing load line 2128: 70573 ' 1' 1 2 1 5.183 1.433 0.000 0.000 0.000 0.0... - could not convert string to float: "1'"
2025-10-06 15:46:07,322 - WARNING - Error parsing load line 2129: 73571 ' 1' 1 2 1 1.130 1.530 0.000 0.000 0.000 0.0... - could not convert string to float: "1'"
2025-10-06 15:46:07,323 - WARNING - Error parsing load line 2130: 73572 ' 1' 1 2 1 0.000 0.000 0.000 0.000 0.000 0.0... - could not convert string to float: "1'"
2025-10-06 15:46:07,323 - WARNING - Error parsing load line 2131: 82071 ' 1' 1 2 1 0.000 0.000 0.000 0.000 0.000 0.0... - could not convert string to float: "1'"
2025-10-06 15:46:07,323 - WARNING - Error parsing load line 2132: 82072 ' 1' 1 2 1 0.000 0.000 0.000 0.000 0.000 0.0... - could not convert string to float: "1'"
2025-10-06 15:46:07,323 - WARNING - Error parsing load line 2133: 84279 ' 1' 1 2 1 1.826 2.255 0.000 0.000 0.000 0.0... - could not convert string to float: "1'"
2025-10-06 15:46:07,324 - WARNING - Error parsing load line 2134: 10472 ' 1' 1 1 2 0.000 0.000 0.000 0.000 0.000 0.0... - could not convert string to float: "1'"
2025-10-06 15:46:07,324 - WARNING - Error parsing load line 2135: 10473 ' 1' 1 1 2 0.000 0.000 0.000 0.000 0.000 0.0... - could not convert string to float: "1'"
2025-10-06 15:46:07,324 - WARNING - Error parsing load line 2136: 10474 ' 1' 1 1 2 0.000 0.000 0.000 0.000 0.000 0.0... - could not convert string to float: "1'"
2025-10-06 15:46:07,324 - WARNING - Error parsing load line 2137: 10471 ' 1' 0 1 2 0.000 0.000 0.000 0.000 0.000 0.0... - could not convert string to float: "1'"
2025-10-06 15:46:07,324 - WARNING - Error parsing load line 2138: 10475 ' 1' 1 1 2 6.917 4.265 0.000 0.000 0.000 0.0... - could not convert string to float: "1'"
2025-10-06 15:46:07,324 - WARNING - Error parsing load line 2139: 29971 ' 1' 1 1 2 0.000 0.000 0.000 0.000 0.000 0.0... - could not convert string to float: "1'"
2025-10-06 15:46:07,324 - WARNING - Error parsing load line 2140: 12974 ' 1' 0 1 2 0.000 0.000 0.000 0.000 0.000 0.0... - could not convert string to float: "1'"
2025-10-06 15:46:07,325 - WARNING - Error parsing load line 2141: 19471 ' 1' 1 1 2 10.684 3.318 0.000 0.000 0.000 0.... - could not convert string to float: "1'"
2025-10-06 15:46:07,325 - WARNING - Error parsing load line 2142: 19473 ' 1' 0 1 2 0.000 0.000 0.000 0.000 0.000 0.0... - could not convert string to float: "1'"
2025-10-06 15:46:07,325 - WARNING - Error parsing load line 2143: 19475 ' 1' 0 1 2 0.000 0.000 0.000 0.000 0.000 0.0... - could not convert string to float: "1'"
2025-10-06 15:46:07,325 - WARNING - Error parsing load line 2144: 28571 ' 1' 1 1 2 8.025 3.203 0.000 0.000 0.000 0.0... - could not convert string to float: "1'"
2025-10-06 15:46:07,325 - WARNING - Error parsing load line 2145: 27471 ' 1' 0 1 2 0.000 0.000 0.000 0.000 0.000 0.0... - could not convert string to float: "1'"
2025-10-06 15:46:07,325 - WARNING - Error parsing load line 2146: 27472 ' 1' 0 1 2 0.000 0.000 0.000 0.000 0.000 0.0... - could not convert string to float: "1'"
2025-10-06 15:46:07,325 - WARNING - Error parsing load line 2147: 27473 ' 1' 0 1 2 0.000 0.000 0.000 0.000 0.000 0.0... - could not convert string to float: "1'"
2025-10-06 15:46:07,326 - WARNING - Error parsing load line 2148: 27474 ' 1' 1 1 2 0.000 0.000 0.000 0.000 0.000 0.0... - could not convert string to float: "1'"
2025-10-06 15:46:07,326 - WARNING - Error parsing load line 2149: 27474 ' 2' 1 1 2 1.065 0.398 0.000 0.000 0.000 0.0... - could not convert string to float: "2'"
2025-10-06 15:46:07,326 - WARNING - Error parsing load line 2150: 29671 ' 1' 1 1 2 2.274 1.383 0.000 0.000 0.000 0.0... - could not convert string to float: "1'"
2025-10-06 15:46:07,326 - WARNING - Error parsing load line 2151: 29672 ' 1' 1 1 2 4.473 1.834 0.000 0.000 0.000 0.0... - could not convert string to float: "1'"
2025-10-06 15:46:07,326 - WARNING - Error parsing load line 2152: 29673 ' 1' 1 1 2 4.184 7.500 0.000 0.000 0.000 0.0... - could not convert string to float: "1'"
2025-10-06 15:46:07,327 - WARNING - Error parsing load line 2153: 31271 ' 1' 1 1 2 5.752 2.470 0.000 0.000 0.000 0.0... - could not convert string to float: "1'"
2025-10-06 15:46:07,327 - WARNING - Error parsing load line 2154: 35074 ' 1' 0 1 2 0.000 0.000 0.000 0.000 0.000 0.0... - could not convert string to float: "1'"
2025-10-06 15:46:07,327 - WARNING - Error parsing load line 2155: 27971 ' 3' 0 1 2 0.000 0.000 0.000 0.000 0.000 0.0... - could not convert string to float: "3'"
2025-10-06 15:46:07,327 - WARNING - Error parsing load line 2156: 27972 ' 5' 1 1 2 0.000 0.000 0.000 0.000 0.000 0.0... - could not convert string to float: "5'"
2025-10-06 15:46:07,327 - WARNING - Error parsing load line 2157: 27973 ' 3' 1 1 2 0.000 0.000 0.000 0.000 0.000 0.0... - could not convert string to float: "3'"
2025-10-06 15:46:07,328 - WARNING - Error parsing load line 2158: 42475 ' 1' 1 1 2 0.000 0.000 0.000 0.000 0.000 0.0... - could not convert string to float: "1'"
2025-10-06 15:46:07,328 - WARNING - Error parsing load line 2159: 44686 ' 1' 1 1 2 3.600 1.059 0.000 0.000 0.000 0.0... - could not convert string to float: "1'"
2025-10-06 15:46:07,328 - WARNING - Error parsing load line 2160: 44679 ' 1' 1 1 2 4.075 1.122 0.000 0.000 0.000 0.0... - could not convert string to float: "1'"
2025-10-06 15:46:07,328 - WARNING - Error parsing load line 2161: 50573 ' 1' 1 1 2 1.260 0.296 0.000 0.000 0.000 0.0... - could not convert string to float: "1'"
2025-10-06 15:46:07,328 - WARNING - Error parsing load line 2162: 50574 ' 1' 1 1 2 1.066 0.296 0.000 0.000 0.000 0.0... - could not convert string to float: "1'"
2025-10-06 15:46:07,328 - WARNING - Error parsing load line 2163: 51471 ' 1' 0 1 2 0.000 0.000 0.000 0.000 0.000 0.0... - could not convert string to float: "1'"
2025-10-06 15:46:07,328 - WARNING - Error parsing load line 2164: 51472 ' 1' 1 1 2 0.000 0.000 0.000 0.000 0.000 0.0... - could not convert string to float: "1'"
2025-10-06 15:46:07,329 - WARNING - Error parsing load line 2165: 51473 ' 1' 0 1 2 0.000 0.000 0.000 0.000 0.000 0.0... - could not convert string to float: "1'"
2025-10-06 15:46:07,329 - WARNING - Error parsing load line 2166: 51474 ' 1' 0 1 2 0.000 0.000 0.000 0.000 0.000 0.0... - could not convert string to float: "1'"
2025-10-06 15:46:07,329 - WARNING - Error parsing load line 2167: 51771 ' 1' 1 1 2 8.503 7.500 0.000 0.000 0.000 0.0... - could not convert string to float: "1'"
2025-10-06 15:46:07,329 - WARNING - Error parsing load line 2168: 51772 ' 1' 1 1 2 4.199 0.000 0.000 0.000 0.000 0.0... - could not convert string to float: "1'"
2025-10-06 15:46:07,329 - INFO - Parsing generator data...
2025-10-06 15:46:07,334 - INFO - Parsing branch data...
2025-10-06 15:46:07,336 - INFO - Parsing transformer data...
2025-10-06 15:46:07,343 - INFO - EMS file parsing completed successfully
2025-10-06 15:46:07,343 - INFO - Generating PowerFactory .raw file: C:\Users\ShibinShanmughamprem\Desktop\PSSE_PF\PYcode\Prase.rawfile\output\2025-08-14-19-16-35-XDT-pyconv_powerfactory.raw
2025-10-06 15:46:07,350 - INFO - PowerFactory .raw file generated: C:\Users\ShibinShanmughamprem\Desktop\PSSE_PF\PYcode\Prase.rawfile\output\2025-08-14-19-16-35-XDT-pyconv_powerfactory.raw
2025-10-06 15:46:07,350 - INFO - Generating metadata JSON file: C:\Users\ShibinShanmughamprem\Desktop\PSSE_PF\PYcode\Prase.rawfile\output\2025-08-14-19-16-35-XDT-pyconv_metadata.json
2025-10-06 15:46:07,391 - INFO - Metadata JSON file generated: C:\Users\ShibinShanmughamprem\Desktop\PSSE_PF\PYcode\Prase.rawfile\output\2025-08-14-19-16-35-XDT-pyconv_metadata.json
2025-10-06 15:46:07,391 - INFO - Generating Excel report: C:\Users\ShibinShanmughamprem\Desktop\PSSE_PF\PYcode\Prase.rawfile\output\2025-08-14-19-16-35-XDT-pyconv_report.xlsx
2025-10-06 15:46:07,989 - INFO - Excel report generated: C:\Users\ShibinShanmughamprem\Desktop\PSSE_PF\PYcode\Prase.rawfile\output\2025-08-14-19-16-35-XDT-pyconv_report.xlsx
2025-10-06 15:46:07,989 - INFO - Conversion process completed successfully!
